# JRE version: Java(TM) SE Runtime Environment (8.0_161-b12) (build 1.8.0_161-b12)
# Java VM: Java HotSpot(TM) 64-Bit Server VM (25.161-b12 mixed mode windows-amd64 compressed oops)
Heap:
 PSYoungGen      total 54784K, used 1957K [0x0000000782d00000, 0x0000000789800000, 0x00000007c0000000)
  eden space 47104K, 2% used [0x0000000782d00000,0x0000000782e5d4b8,0x0000000785b00000)
  from space 7680K, 7% used [0x0000000786280000,0x000000078630c010,0x0000000786a00000)
  to   space 7680K, 0% used [0x0000000785b00000,0x0000000785b00000,0x0000000786280000)
 ParOldGen       total 125952K, used 16K [0x0000000708600000, 0x0000000710100000, 0x0000000782d00000)
  object space 125952K, 0% used [0x0000000708600000,0x0000000708604000,0x0000000710100000)
 Metaspace       used 3259K, capacity 4788K, committed 5120K, reserved 1056768K
  class space    used 347K, capacity 420K, committed 512K, reserved 1048576K
GC Heap History (4 events):
Event: 0.942 GC heap before
{Heap before GC invocations=1 (full 0):
 PSYoungGen      total 54784K, used 47104K [0x0000000782d00000, 0x0000000786a00000, 0x00000007c0000000)
  eden space 47104K, 100% used [0x0000000782d00000,0x0000000785b00000,0x0000000785b00000)
  from space 7680K, 0% used [0x0000000786280000,0x0000000786280000,0x0000000786a00000)
  to   space 7680K, 0% used [0x0000000785b00000,0x0000000785b00000,0x0000000786280000)
 ParOldGen       total 125952K, used 0K [0x0000000708600000, 0x0000000710100000, 0x0000000782d00000)
  object space 125952K, 0% used [0x0000000708600000,0x0000000708600000,0x0000000710100000)
 Metaspace       used 3229K, capacity 4788K, committed 5120K, reserved 1056768K
  class space    used 346K, capacity 420K, committed 512K, reserved 1048576K
Event: 0.950 GC heap after
Heap after GC invocations=1 (full 0):
 PSYoungGen      total 54784K, used 672K [0x0000000782d00000, 0x0000000786a00000, 0x00000007c0000000)
  eden space 47104K, 0% used [0x0000000782d00000,0x0000000782d00000,0x0000000785b00000)
  from space 7680K, 8% used [0x0000000785b00000,0x0000000785ba8020,0x0000000786280000)
  to   space 7680K, 0% used [0x0000000786280000,0x0000000786280000,0x0000000786a00000)
 ParOldGen       total 125952K, used 8K [0x0000000708600000, 0x0000000710100000, 0x0000000782d00000)
  object space 125952K, 0% used [0x0000000708600000,0x0000000708602000,0x0000000710100000)
 Metaspace       used 3229K, capacity 4788K, committed 5120K, reserved 1056768K
  class space    used 346K, capacity 420K, committed 512K, reserved 1048576K
}
Event: 1.267 GC heap before
{Heap before GC invocations=2 (full 0):
 PSYoungGen      total 54784K, used 47776K [0x0000000782d00000, 0x0000000786a00000, 0x00000007c0000000)
  eden space 47104K, 100% used [0x0000000782d00000,0x0000000785b00000,0x0000000785b00000)
  from space 7680K, 8% used [0x0000000785b00000,0x0000000785ba8020,0x0000000786280000)
  to   space 7680K, 0% used [0x0000000786280000,0x0000000786280000,0x0000000786a00000)
 ParOldGen       total 125952K, used 8K [0x0000000708600000, 0x0000000710100000, 0x0000000782d00000)
  object space 125952K, 0% used [0x0000000708600000,0x0000000708602000,0x0000000710100000)
 Metaspace       used 3259K, capacity 4788K, committed 5120K, reserved 1056768K
  class space    used 347K, capacity 420K, committed 512K, reserved 1048576K
Event: 1.287 GC heap after
Heap after GC invocations=2 (full 0):
 PSYoungGen      total 54784K, used 560K [0x0000000782d00000, 0x0000000789800000, 0x00000007c0000000)
  eden space 47104K, 0% used [0x0000000782d00000,0x0000000782d00000,0x0000000785b00000)
  from space 7680K, 7% used [0x0000000786280000,0x000000078630c010,0x0000000786a00000)
  to   space 7680K, 0% used [0x0000000785b00000,0x0000000785b00000,0x0000000786280000)
 ParOldGen       total 125952K, used 16K [0x0000000708600000, 0x0000000710100000, 0x0000000782d00000)
  object space 125952K, 0% used [0x0000000708600000,0x0000000708604000,0x0000000710100000)
 Metaspace       used 3259K, capacity 4788K, committed 5120K, reserved 1056768K
  class space    used 347K, capacity 420K, committed 512K, reserved 1048576K
}

